<?xml version="1.0" encoding="UTF-8"?>
<!-- Generated by org.testng.reporters.JUnitReportReporter -->
<testsuite hostname="CDC2-L-128FWTF" failures="0" tests="3" name="GetRequest.TechTest" time="4.479" errors="0" timestamp="2022-03-22T10:18:20 IST" skipped="0">
  <testcase classname="GetRequest.TechTest" name="getWeather_Cities_AC2" time="0.280"/>
  <system-out/>
  <testcase classname="GetRequest.TechTest" name="getAirquality_AC3" time="2.427"/>
  <system-out/>
  <testcase classname="GetRequest.TechTest" name="getWeather_Lat_Lon_AC1" time="1.772"/>
  <system-out/>
</testsuite> <!-- GetRequest.TechTest -->
