<?xml version="1.0" encoding="UTF-8"?>
<!-- Generated by org.testng.reporters.JUnitReportReporter -->
<testsuite hostname="CDC2-L-128FWTF" failures="0" tests="1" name="GetRequest.GetData" time="3.168" errors="0" timestamp="2022-03-04T09:18:19 IST" skipped="0">
  <testcase classname="GetRequest.GetData" name="getWeather" time="3.168"/>
</testsuite> <!-- GetRequest.GetData -->
